AplikasiAnakDesa/app/build/intermediates/manifest_merge_blame_file/debug/manifest-merger-blame-debug-report.txt
1<?xml version="1.0" encoding="utf-8"?>
2<manifest xmlns:android="http://schemas.android.com/apk/res/android"
3    package="stud11418038.develops.aplikasianakdesa"
4    android:versionCode="1"
5    android:versionName="1.0" >
6
7    <uses-sdk
8        android:minSdkVersion="21"
8-->src\main\AndroidManifest.xml
9        android:targetSdkVersion="29" />
9-->src\main\AndroidManifest.xml
10
11    <uses-permission android:name="android.permission.WRITE_EXTERNAL_STORAGE" />
11-->src\main\AndroidManifest.xml:5:5-81
11-->src\main\AndroidManifest.xml:5:22-78
12    <uses-permission android:name="android.permission.READ_EXTERNAL_STORAGE" />
12-->src\main\AndroidManifest.xml:6:5-80
12-->src\main\AndroidManifest.xml:6:22-77
13    <uses-permission android:name="android.permission.ACCESS_FINE_LOCATION" />
13-->src\main\AndroidManifest.xml:7:5-79
13-->src\main\AndroidManifest.xml:7:22-76
14    <uses-permission android:name="android.permission.ACCESS_NETWORK_STATE" />
14-->src\main\AndroidManifest.xml:8:5-79
14-->src\main\AndroidManifest.xml:8:22-76
15    <uses-permission android:name="android.permission.INTERNET" />
15-->src\main\AndroidManifest.xml:9:5-67
15-->src\main\AndroidManifest.xml:9:22-64
16
17    <uses-feature
17-->[com.google.android.gms:play-services-maps:17.0.0] AndroidManifest.xml:26:5-28:35
18        android:glEsVersion="0x00020000"
18-->[com.google.android.gms:play-services-maps:17.0.0] AndroidManifest.xml:27:9-41
19        android:required="true" /> <!-- 如果是安卓8.0，应用编译配置的targetSdkVersion>=26，请务必添加以下权限 -->
19-->[com.google.android.gms:play-services-maps:17.0.0] AndroidManifest.xml:28:9-32
20    <uses-permission android:name="android.permission.REQUEST_INSTALL_PACKAGES" /> <!-- 应用市场9.0版本必须使用该权限获取用户的服务地 -->
20-->[com.huawei.hms:base:4.0.0.300] AndroidManifest.xml:16:5-83
20-->[com.huawei.hms:base:4.0.0.300] AndroidManifest.xml:16:22-80
21    <uses-permission android:name="com.huawei.appmarket.service.commondata.permission.GET_COMMON_DATA" />
21-->[com.huawei.hms:base:4.0.0.300] AndroidManifest.xml:18:5-106
21-->[com.huawei.hms:base:4.0.0.300] AndroidManifest.xml:18:22-103
22
23    <application
23-->src\main\AndroidManifest.xml:11:5-35:19
24        android:allowBackup="true"
24-->src\main\AndroidManifest.xml:12:9-35
25        android:appComponentFactory="androidx.core.app.CoreComponentFactory"
25-->[androidx.core:core:1.1.0] AndroidManifest.xml:24:18-86
26        android:debuggable="true"
27        android:icon="@mipmap/ic_launcher"
27-->src\main\AndroidManifest.xml:13:9-43
28        android:label="@string/app_name"
28-->src\main\AndroidManifest.xml:14:9-41
29        android:roundIcon="@mipmap/ic_launcher_round"
29-->src\main\AndroidManifest.xml:15:9-54
30        android:supportsRtl="true"
30-->src\main\AndroidManifest.xml:16:9-35
31        android:testOnly="true"
32        android:theme="@style/AppTheme" >
32-->src\main\AndroidManifest.xml:17:9-40
33        <activity android:name="stud11418038.develops.aplikasianakdesa.UI.Activities.Gejala.MainGejala" />
33-->src\main\AndroidManifest.xml:18:9-78
33-->src\main\AndroidManifest.xml:18:19-66
34        <activity android:name="stud11418038.develops.aplikasianakdesa.UI.Activities.TipsTrik.MainTips" />
34-->src\main\AndroidManifest.xml:19:9-69
34-->src\main\AndroidManifest.xml:19:19-66
35        <activity android:name="stud11418038.develops.aplikasianakdesa.UI.Activities.CekDiri" />
35-->src\main\AndroidManifest.xml:20:9-59
35-->src\main\AndroidManifest.xml:20:19-56
36        <activity android:name="stud11418038.develops.aplikasianakdesa.UI.Activities.Global.GlobalActivity" />
36-->src\main\AndroidManifest.xml:21:9-73
36-->src\main\AndroidManifest.xml:21:19-70
37        <activity android:name="stud11418038.develops.aplikasianakdesa.UI.Activities.Provinsi.Activity_Provinsi" />
37-->src\main\AndroidManifest.xml:22:9-78
37-->src\main\AndroidManifest.xml:22:19-75
38        <activity android:name="stud11418038.develops.aplikasianakdesa.UI.Activities.Profile.EditProfil" />
38-->src\main\AndroidManifest.xml:23:9-70
38-->src\main\AndroidManifest.xml:23:19-67
39        <activity android:name="stud11418038.develops.aplikasianakdesa.UI.Activities.Profile.Profil" />
39-->src\main\AndroidManifest.xml:24:9-66
39-->src\main\AndroidManifest.xml:24:19-63
40        <activity android:name="stud11418038.develops.aplikasianakdesa.UI.Activities.Register.RegisterPage" />
40-->src\main\AndroidManifest.xml:25:9-73
40-->src\main\AndroidManifest.xml:25:19-70
41        <activity android:name="stud11418038.develops.aplikasianakdesa.UI.Activities.Login.LoginPage" />
41-->src\main\AndroidManifest.xml:26:9-67
41-->src\main\AndroidManifest.xml:26:19-64
42        <activity android:name="stud11418038.develops.aplikasianakdesa.UI.Activities.menu" />
42-->src\main\AndroidManifest.xml:27:9-56
42-->src\main\AndroidManifest.xml:27:19-53
43        <activity android:name="stud11418038.develops.aplikasianakdesa.UI.Activities.Splashscreen" >
43-->src\main\AndroidManifest.xml:28:9-34:20
43-->src\main\AndroidManifest.xml:28:19-61
44            <intent-filter>
44-->src\main\AndroidManifest.xml:29:13-33:29
45                <action android:name="android.intent.action.MAIN" />
45-->src\main\AndroidManifest.xml:30:17-69
45-->src\main\AndroidManifest.xml:30:25-66
46
47                <category android:name="android.intent.category.LAUNCHER" />
47-->src\main\AndroidManifest.xml:32:17-77
47-->src\main\AndroidManifest.xml:32:27-74
48            </intent-filter>
49        </activity>
50        <!-- Needs to be explicitly declared on P+ -->
51        <uses-library
51-->[com.google.android.gms:play-services-maps:17.0.0] AndroidManifest.xml:33:9-35:40
52            android:name="org.apache.http.legacy"
52-->[com.google.android.gms:play-services-maps:17.0.0] AndroidManifest.xml:34:13-50
53            android:required="false" />
53-->[com.google.android.gms:play-services-maps:17.0.0] AndroidManifest.xml:35:13-37
54
55        <provider
55-->[com.squareup.picasso:picasso:2.71828] AndroidManifest.xml:8:9-11:40
56            android:name="com.squareup.picasso.PicassoProvider"
56-->[com.squareup.picasso:picasso:2.71828] AndroidManifest.xml:9:13-64
57            android:authorities="stud11418038.develops.aplikasianakdesa.com.squareup.picasso"
57-->[com.squareup.picasso:picasso:2.71828] AndroidManifest.xml:10:13-72
58            android:exported="false" />
58-->[com.squareup.picasso:picasso:2.71828] AndroidManifest.xml:11:13-37
59
60        <service
60-->[androidx.room:room-runtime:2.2.5] AndroidManifest.xml:25:9-28:40
61            android:name="androidx.room.MultiInstanceInvalidationService"
61-->[androidx.room:room-runtime:2.2.5] AndroidManifest.xml:26:13-74
62            android:directBootAware="true"
62-->[androidx.room:room-runtime:2.2.5] AndroidManifest.xml:27:13-43
63            android:exported="false" />
63-->[androidx.room:room-runtime:2.2.5] AndroidManifest.xml:28:13-37
64
65        <meta-data
65-->[com.huawei.hms:maps:4.0.1.302] AndroidManifest.xml:12:9-14:41
66            android:name="com.huawei.hms.map.version"
66-->[com.huawei.hms:maps:4.0.1.302] AndroidManifest.xml:13:13-54
67            android:value="4.0.2.300" />
67-->[com.huawei.hms:maps:4.0.1.302] AndroidManifest.xml:14:13-38
68        <meta-data
68-->[com.huawei.hms:maps:4.0.1.302] AndroidManifest.xml:15:9-17:46
69            android:name="com.huawei.hms.client.service.name:maps"
69-->[com.huawei.hms:maps:4.0.1.302] AndroidManifest.xml:16:13-67
70            android:value="maps:4.0.1.302" />
70-->[com.huawei.hms:maps:4.0.1.302] AndroidManifest.xml:17:13-43
71        <meta-data
71-->[com.huawei.hms:maps:4.0.1.302] AndroidManifest.xml:18:9-20:33
72            android:name="com.huawei.hms.min_api_level:maps:huawei_module_maps"
72-->[com.huawei.hms:maps:4.0.1.302] AndroidManifest.xml:19:13-80
73            android:value="1" />
73-->[com.huawei.hms:maps:4.0.1.302] AndroidManifest.xml:20:13-30
74        <meta-data
74-->[com.huawei.hms:maps:4.0.1.302] AndroidManifest.xml:21:9-23:33
75            android:name="com.huawei.hms.min_api_level:maps:huawei_module_huaweimaps"
75-->[com.huawei.hms:maps:4.0.1.302] AndroidManifest.xml:22:13-86
76            android:value="1" />
76-->[com.huawei.hms:maps:4.0.1.302] AndroidManifest.xml:23:13-30
77
78        <activity
78-->[com.google.android.gms:play-services-base:17.0.0] AndroidManifest.xml:23:9-26:75
79            android:name="com.google.android.gms.common.api.GoogleApiActivity"
79-->[com.google.android.gms:play-services-base:17.0.0] AndroidManifest.xml:24:13-79
80            android:exported="false"
80-->[com.google.android.gms:play-services-base:17.0.0] AndroidManifest.xml:25:13-37
81            android:theme="@android:style/Theme.Translucent.NoTitleBar" />
81-->[com.google.android.gms:play-services-base:17.0.0] AndroidManifest.xml:26:13-72
82
83        <meta-data
83-->[com.google.android.gms:play-services-basement:17.0.0] AndroidManifest.xml:23:9-25:69
84            android:name="com.google.android.gms.version"
84-->[com.google.android.gms:play-services-basement:17.0.0] AndroidManifest.xml:24:13-58
85            android:value="@integer/google_play_services_version" />
85-->[com.google.android.gms:play-services-basement:17.0.0] AndroidManifest.xml:25:13-66
86
87        <provider
87-->[androidx.lifecycle:lifecycle-process:2.2.0] AndroidManifest.xml:25:9-29:43
88            android:name="androidx.lifecycle.ProcessLifecycleOwnerInitializer"
88-->[androidx.lifecycle:lifecycle-process:2.2.0] AndroidManifest.xml:26:13-79
89            android:authorities="stud11418038.develops.aplikasianakdesa.lifecycle-process"
89-->[androidx.lifecycle:lifecycle-process:2.2.0] AndroidManifest.xml:27:13-69
90            android:exported="false"
90-->[androidx.lifecycle:lifecycle-process:2.2.0] AndroidManifest.xml:28:13-37
91            android:multiprocess="true" />
91-->[androidx.lifecycle:lifecycle-process:2.2.0] AndroidManifest.xml:29:13-40
92        <!--
93        为后续统计第三方app集成了哪些Kit，因此需要Kit在自己的AndroidManifest.xml文件中定义业务标签元数据，
94        流水线打包时会替换成HMSVER对应的版本号，不要手动修改
95        -->
96        <meta-data
96-->[com.huawei.hms:base:4.0.0.300] AndroidManifest.xml:26:9-28:46
97            android:name="com.huawei.hms.client.service.name:base"
97-->[com.huawei.hms:base:4.0.0.300] AndroidManifest.xml:27:13-67
98            android:value="base:4.0.0.300" /> <!-- SDK依赖的HMSCore的最低api level元数据 -->
98-->[com.huawei.hms:base:4.0.0.300] AndroidManifest.xml:28:13-43
99        <meta-data
99-->[com.huawei.hms:base:4.0.0.300] AndroidManifest.xml:31:9-33:33
100            android:name="com.huawei.hms.min_api_level:base:hmscore"
100-->[com.huawei.hms:base:4.0.0.300] AndroidManifest.xml:32:13-69
101            android:value="1" />
101-->[com.huawei.hms:base:4.0.0.300] AndroidManifest.xml:33:13-30
102
103        <activity
103-->[com.huawei.hms:base:4.0.0.300] AndroidManifest.xml:35:9-45:20
104            android:name="com.huawei.hms.activity.BridgeActivity"
104-->[com.huawei.hms:base:4.0.0.300] AndroidManifest.xml:36:13-66
105            android:configChanges="orientation|locale|layoutDirection|fontScale|screenSize|smallestScreenSize|screenLayout"
105-->[com.huawei.hms:base:4.0.0.300] AndroidManifest.xml:37:13-124
106            android:excludeFromRecents="true"
106-->[com.huawei.hms:base:4.0.0.300] AndroidManifest.xml:38:13-46
107            android:exported="false"
107-->[com.huawei.hms:base:4.0.0.300] AndroidManifest.xml:39:13-37
108            android:hardwareAccelerated="true"
108-->[com.huawei.hms:base:4.0.0.300] AndroidManifest.xml:40:13-47
109            android:theme="@android:style/Theme.Translucent" >
109-->[com.huawei.hms:base:4.0.0.300] AndroidManifest.xml:41:13-61
110            <meta-data
110-->[com.huawei.hms:base:4.0.0.300] AndroidManifest.xml:42:13-44:77
111                android:name="hwc-theme"
111-->[com.huawei.hms:base:4.0.0.300] AndroidManifest.xml:43:17-41
112                android:value="androidhwext:style/Theme.Emui.Translucent" />
112-->[com.huawei.hms:base:4.0.0.300] AndroidManifest.xml:44:17-74
113        </activity>
114        <activity
114-->[com.huawei.hms:base:4.0.0.300] AndroidManifest.xml:46:9-49:20
115            android:name="com.huawei.hms.activity.EnableServiceActivity"
115-->[com.huawei.hms:base:4.0.0.300] AndroidManifest.xml:47:13-73
116            android:configChanges="orientation|keyboardHidden|screenSize|smallestScreenSize|screenLayout" >
116-->[com.huawei.hms:base:4.0.0.300] AndroidManifest.xml:48:13-106
117        </activity>
118        <activity
118-->[com.huawei.hms:base:4.0.0.300] AndroidManifest.xml:50:9-58:20
119            android:name="com.huawei.updatesdk.service.otaupdate.AppUpdateActivity"
119-->[com.huawei.hms:base:4.0.0.300] AndroidManifest.xml:51:13-84
120            android:configChanges="orientation|screenSize|smallestScreenSize|screenLayout"
120-->[com.huawei.hms:base:4.0.0.300] AndroidManifest.xml:52:13-91
121            android:exported="false"
121-->[com.huawei.hms:base:4.0.0.300] AndroidManifest.xml:53:13-37
122            android:theme="@style/upsdkDlDialog" >
122-->[com.huawei.hms:base:4.0.0.300] AndroidManifest.xml:54:13-49
123            <meta-data
123-->[com.huawei.hms:base:4.0.0.300] AndroidManifest.xml:42:13-44:77
124                android:name="hwc-theme"
124-->[com.huawei.hms:base:4.0.0.300] AndroidManifest.xml:43:17-41
125                android:value="androidhwext:style/Theme.Emui.Translucent.NoTitleBar" />
125-->[com.huawei.hms:base:4.0.0.300] AndroidManifest.xml:44:17-74
126        </activity>
127        <activity
127-->[com.huawei.hms:base:4.0.0.300] AndroidManifest.xml:59:9-67:20
128            android:name="com.huawei.updatesdk.support.pm.PackageInstallerActivity"
128-->[com.huawei.hms:base:4.0.0.300] AndroidManifest.xml:60:13-84
129            android:configChanges="orientation|keyboardHidden|screenSize|smallestScreenSize|screenLayout"
129-->[com.huawei.hms:base:4.0.0.300] AndroidManifest.xml:61:13-106
130            android:exported="false"
130-->[com.huawei.hms:base:4.0.0.300] AndroidManifest.xml:62:13-37
131            android:theme="@style/upsdkDlDialog" >
131-->[com.huawei.hms:base:4.0.0.300] AndroidManifest.xml:63:13-49
132            <meta-data
132-->[com.huawei.hms:base:4.0.0.300] AndroidManifest.xml:42:13-44:77
133                android:name="hwc-theme"
133-->[com.huawei.hms:base:4.0.0.300] AndroidManifest.xml:43:17-41
134                android:value="androidhwext:style/Theme.Emui.Translucent" />
134-->[com.huawei.hms:base:4.0.0.300] AndroidManifest.xml:44:17-74
135        </activity>
136
137        <provider
137-->[com.huawei.hms:base:4.0.0.300] AndroidManifest.xml:69:9-74:20
138            android:name="com.huawei.hms.update.provider.UpdateProvider"
138-->[com.huawei.hms:base:4.0.0.300] AndroidManifest.xml:70:13-73
139            android:authorities="stud11418038.develops.aplikasianakdesa.hms.update.provider"
139-->[com.huawei.hms:base:4.0.0.300] AndroidManifest.xml:71:13-71
140            android:exported="false"
140-->[com.huawei.hms:base:4.0.0.300] AndroidManifest.xml:72:13-37
141            android:grantUriPermissions="true" >
141-->[com.huawei.hms:base:4.0.0.300] AndroidManifest.xml:73:13-47
142        </provider>
143
144        <meta-data
144-->[com.huawei.hms:dynamic-api:1.0.13.303] AndroidManifest.xml:12:9-14:54
145            android:name="com.huawei.hms.client.service.name:dynamic-api"
145-->[com.huawei.hms:dynamic-api:1.0.13.303] AndroidManifest.xml:13:13-74
146            android:value="dynamic-api:1.0.13.303" />
146-->[com.huawei.hms:dynamic-api:1.0.13.303] AndroidManifest.xml:14:13-51
147        <meta-data
147-->[com.huawei.hms:dynamic-api:1.0.13.303] AndroidManifest.xml:15:9-17:33
148            android:name="com.huawei.hms.min_api_level:dynamic-api:huawei_module_dynamicloader"
148-->[com.huawei.hms:dynamic-api:1.0.13.303] AndroidManifest.xml:16:13-96
149            android:value="2" />
149-->[com.huawei.hms:dynamic-api:1.0.13.303] AndroidManifest.xml:17:13-30
150
151        <provider
151-->[com.huawei.agconnect:agconnect-core:1.0.0.300] AndroidManifest.xml:10:9-13:40
152            android:name="com.huawei.agconnect.core.provider.AGConnectInitializeProvider"
152-->[com.huawei.agconnect:agconnect-core:1.0.0.300] AndroidManifest.xml:11:13-90
153            android:authorities="stud11418038.develops.aplikasianakdesa.AGCInitializeProvider"
153-->[com.huawei.agconnect:agconnect-core:1.0.0.300] AndroidManifest.xml:12:13-73
154            android:exported="false" />
154-->[com.huawei.agconnect:agconnect-core:1.0.0.300] AndroidManifest.xml:13:13-37
155
156        <service
156-->[com.huawei.agconnect:agconnect-core:1.0.0.300] AndroidManifest.xml:15:9-17:40
157            android:name="com.huawei.agconnect.core.ServiceDiscovery"
157-->[com.huawei.agconnect:agconnect-core:1.0.0.300] AndroidManifest.xml:16:13-70
158            android:exported="false" />
158-->[com.huawei.agconnect:agconnect-core:1.0.0.300] AndroidManifest.xml:17:13-37
159    </application>
160
161</manifest>